h:\documents\project7\project7\x64\debug\vc143.pdb
h:\documents\project7\project7\x64\debug\vc143.idb
h:\documents\project7\project7\x64\debug\textureproj.obj
h:\documents\project7\project7\x64\debug\rgbimage.obj
h:\documents\project7\project7\x64\debug\phongdata.obj
h:\documents\project7\project7\x64\debug\mygeometries.obj
h:\documents\project7\project7\x64\debug\linearr4.obj
h:\documents\project7\project7\x64\debug\linearr3.obj
h:\documents\project7\project7\x64\debug\glshadermgr.obj
h:\documents\project7\project7\x64\debug\glgeomtorus.obj
h:\documents\project7\project7\x64\debug\glgeomsphere.obj
h:\documents\project7\project7\x64\debug\glgeomcylinder.obj
h:\documents\project7\project7\x64\debug\glgeombase.obj
h:\documents\project7\project7\x64\debug\eduphong.obj
\\acsnfs4.ucsd.edu\cifshomes\834\zhz018\documents\project7\project7\x64\debug\vc143.pdb
\\acsnfs4.ucsd.edu\cifshomes\834\zhz018\documents\project7\project7\x64\debug\vc143.idb
\\acsnfs4.ucsd.edu\cifshomes\834\zhz018\documents\project7\project7\x64\debug\textureproj.obj
\\acsnfs4.ucsd.edu\cifshomes\834\zhz018\documents\project7\project7\x64\debug\rgbimage.obj
\\acsnfs4.ucsd.edu\cifshomes\834\zhz018\documents\project7\project7\x64\debug\phongdata.obj
\\acsnfs4.ucsd.edu\cifshomes\834\zhz018\documents\project7\project7\x64\debug\mygeometries.obj
\\acsnfs4.ucsd.edu\cifshomes\834\zhz018\documents\project7\project7\x64\debug\linearr4.obj
\\acsnfs4.ucsd.edu\cifshomes\834\zhz018\documents\project7\project7\x64\debug\linearr3.obj
\\acsnfs4.ucsd.edu\cifshomes\834\zhz018\documents\project7\project7\x64\debug\glshadermgr.obj
\\acsnfs4.ucsd.edu\cifshomes\834\zhz018\documents\project7\project7\x64\debug\glgeomtorus.obj
\\acsnfs4.ucsd.edu\cifshomes\834\zhz018\documents\project7\project7\x64\debug\glgeomsphere.obj
\\acsnfs4.ucsd.edu\cifshomes\834\zhz018\documents\project7\project7\x64\debug\glgeomcylinder.obj
\\acsnfs4.ucsd.edu\cifshomes\834\zhz018\documents\project7\project7\x64\debug\glgeombase.obj
\\acsnfs4.ucsd.edu\cifshomes\834\zhz018\documents\project7\project7\x64\debug\eduphong.obj
h:\documents\project7\x64\debug\project7.exe
h:\documents\project7\project7\x64\debug\project7.ilk
h:\documents\project7\x64\debug\project7.pdb
\\acsnfs4.ucsd.edu\cifshomes\834\zhz018\documents\project7\x64\debug\project7.exe
\\acsnfs4.ucsd.edu\cifshomes\834\zhz018\documents\project7\project7\x64\debug\project7.ilk
\\acsnfs4.ucsd.edu\cifshomes\834\zhz018\documents\project7\x64\debug\project7.pdb
\\acsnfs4.ucsd.edu\cifshomes\834\zhz018\documents\project7\project7\x64\debug\project7.tlog\cl.command.1.tlog
\\acsnfs4.ucsd.edu\cifshomes\834\zhz018\documents\project7\project7\x64\debug\project7.tlog\cl.read.1.tlog
\\acsnfs4.ucsd.edu\cifshomes\834\zhz018\documents\project7\project7\x64\debug\project7.tlog\cl.write.1.tlog
\\acsnfs4.ucsd.edu\cifshomes\834\zhz018\documents\project7\project7\x64\debug\project7.tlog\link.command.1.tlog
\\acsnfs4.ucsd.edu\cifshomes\834\zhz018\documents\project7\project7\x64\debug\project7.tlog\link.read.1.tlog
\\acsnfs4.ucsd.edu\cifshomes\834\zhz018\documents\project7\project7\x64\debug\project7.tlog\link.write.1.tlog
